<?xml version="1.0" encoding="UTF-8"?>
<testsuite xmlns:xsi="http://www.w3.org/2001/XMLSchema-instance" xsi:noNamespaceSchemaLocation="https://maven.apache.org/surefire/maven-surefire-plugin/xsd/surefire-test-report-3.0.xsd" version="3.0" name="ui.LoginTest" time="8.373" tests="4" errors="4" skipped="0" failures="0">
  <properties>
[...]
</properties>
  <testcase name="shouldLoginWithMultipleCredentialsAsParameterized(When buyer trying to login with blank password,suleyman.aktas@n11.com,,false,Lütfen şifrenizi giriniz.) [2]" classname="ui.LoginTest" time="7.488">
    <error message="javascript error: Cannot read properties of null (reading &apos;style&apos;)&#10;  (Session info: chrome=100.0.4896.127)&#10;Build info: version: &apos;3.14.0&apos;, revision: &apos;aacccce0&apos;, time: &apos;2018-08-02T20:19:58.91Z&apos;&#10;System info: host: &apos;Mac111019&apos;, ip: &apos;fe80:0:0:0:14c3:e670:a94d:3e40%en0&apos;, os.name: &apos;Mac OS X&apos;, os.arch: &apos;x86_64&apos;, os.version: &apos;10.15.7&apos;, java.version: &apos;18&apos;&#10;Driver info: org.openqa.selenium.chrome.ChromeDriver&#10;Capabilities {acceptInsecureCerts: true, browserName: chrome, browserVersion: 100.0.4896.127, chrome: {chromedriverVersion: 99.0.4844.51 (d537ec02474b5..., userDataDir: /var/folders/5_/wyxvz7wj3z5...}, goog:chromeOptions: {debuggerAddress: localhost:65036}, javascriptEnabled: true, networkConnectionEnabled: false, pageLoadStrategy: normal, platform: MAC, platformName: MAC, proxy: Proxy(), setWindowRect: true, strictFileInteractability: false, timeouts: {implicit: 0, pageLoad: 300000, script: 30000}, unhandledPromptBehavior: dismiss and notify, webauthn:extension:credBlob: true, webauthn:extension:largeBlob: true, webauthn:virtualAuthenticators: true}&#10;Session ID: 9f6bcb3d8068c34f2d3431df190f9862" type="org.openqa.selenium.JavascriptException"><![CDATA[org.openqa.selenium.JavascriptException: 
javascript error: Cannot read properties of null (reading 'style')
  (Session info: chrome=100.0.4896.127)
Build info: version: '3.14.0', revision: 'aacccce0', time: '2018-08-02T20:19:58.91Z'
System info: host: 'Mac111019', ip: 'fe80:0:0:0:14c3:e670:a94d:3e40%en0', os.name: 'Mac OS X', os.arch: 'x86_64', os.version: '10.15.7', java.version: '18'
Driver info: org.openqa.selenium.chrome.ChromeDriver
Capabilities {acceptInsecureCerts: true, browserName: chrome, browserVersion: 100.0.4896.127, chrome: {chromedriverVersion: 99.0.4844.51 (d537ec02474b5..., userDataDir: /var/folders/5_/wyxvz7wj3z5...}, goog:chromeOptions: {debuggerAddress: localhost:65036}, javascriptEnabled: true, networkConnectionEnabled: false, pageLoadStrategy: normal, platform: MAC, platformName: MAC, proxy: Proxy(), setWindowRect: true, strictFileInteractability: false, timeouts: {implicit: 0, pageLoad: 300000, script: 30000}, unhandledPromptBehavior: dismiss and notify, webauthn:extension:credBlob: true, webauthn:extension:largeBlob: true, webauthn:virtualAuthenticators: true}
Session ID: 9f6bcb3d8068c34f2d3431df190f9862
	at ui.LoginTest.shouldLoginWithMultipleCredentialsAsParameterized(LoginTest.java:24)
]]></error>
    <system-out><![CDATA[&amp#27;[32m15:31:26.147 [pool-2-thread-3] INFO  TestWatcherItems.starting - TEST STARTED: shouldLoginWithMultipleCredentialsAsParameterized(When buyer trying to login with blank email and password,,,false,Lütfen geçerli bir e-posta adresi giriniz.) [4](ui.LoginTest)
&amp#27;[m
&amp#27;[32m15:31:26.329 [pool-2-thread-6] INFO  Browser.initBrowser - Open local {chrome} models.browser
&amp#27;[m&amp#27;[32m15:31:26.329 [pool-2-thread-3] INFO  Browser.initBrowser - Open local {chrome} models.browser
&amp#27;[m
S
t
a
r
t
i
n
g
 
C
h
r
o
m
e
D
r
i
v
e
r
 
9
9
.
0
.
4
8
4
4
.
5
1
 
(
d
5
3
7
e
c
0
2
4
7
4
b
5
a
f
e
2
3
6
8
4
e
7
9
6
3
d
5
3
8
8
9
6
c
6
3
a
c
7
7
-
r
e
f
s
/
b
r
a
n
c
h
-
h
e
a
d
s
/
4
8
4
4
@
{
#
8
7
5
}
)
 
o
n
 
p
o
r
t
 
1
4
8
7
5


O
n
l
y
 
l
o
c
a
l
 
c
o
n
n
e
c
t
i
o
n
s
 
a
r
e
 
a
l
l
o
w
e
d
.


P
l
e
a
s
e
 
s
e
e
 
h
t
t
p
s
:
/
/
c
h
r
o
m
e
d
r
i
v
e
r
.
c
h
r
o
m
i
u
m
.
o
r
g
/
s
e
c
u
r
i
t
y
-
c
o
n
s
i
d
e
r
a
t
i
o
n
s
 
f
o
r
 
s
u
g
g
e
s
t
i
o
n
s
 
o
n
 
k
e
e
p
i
n
g
 
C
h
r
o
m
e
D
r
i
v
e
r
 
s
a
f
e
.


C
h
r
o
m
e
D
r
i
v
e
r
 
w
a
s
 
s
t
a
r
t
e
d
 
s
u
c
c
e
s
s
f
u
l
l
y
.


[
1
6
5
0
6
3
0
6
8
9
.
6
3
0
]
[
W
A
R
N
I
N
G
]
:
 
T
h
i
s
 
v
e
r
s
i
o
n
 
o
f
 
C
h
r
o
m
e
D
r
i
v
e
r
 
h
a
s
 
n
o
t
 
b
e
e
n
 
t
e
s
t
e
d
 
w
i
t
h
 
C
h
r
o
m
e
 
v
e
r
s
i
o
n
 
1
0
0
.


Apr 22, 2022 3:31:29 PM org.openqa.selenium.remote.ProtocolHandshake createSession
INFO: Detected dialect: W3C

[2022-04-22 15:31:33:433] [pool-2-thread-3] ERROR AllureLifecycle - Could not add attachment: no test is running
&amp#27;[1;31m15:31:33.445 [pool-2-thread-3] ERROR TestStopper$1.evaluate - 
Failed test: shouldLoginWithMultipleCredentialsAsParameterized(When buyer trying to login with blank email and password,,,false,Lütfen geçerli bir e-posta adresi giriniz.) [4]
	visitor email: suleyman.aktas@n11.com
	visitor's user name: null
&amp#27;[m&amp#27;[1;31m15:31:33.445 [pool-2-thread-4] ERROR TestStopper$1.evaluate - 
Failed test: shouldLoginWithMultipleCredentialsAsParameterized(When buyer trying to login with blank email and password,,,false,Lütfen geçerli bir e-posta adresi giriniz.) [4]
	visitor email: suleyman.aktas@n11.com
	visitor's user name: null
&amp#27;[m
[2022-04-22 15:31:33:572] [pool-2-thread-3] ERROR AllureLifecycle - Could not update test case: test case with uuid 1c6f06f9-8300-437b-bd16-c76609c8dff3 not found
[2022-04-22 15:31:33:572] [pool-2-thread-3] ERROR AllureLifecycle - Could not update test case: test case with uuid 1c6f06f9-8300-437b-bd16-c76609c8dff3 not found
[2022-04-22 15:31:33:573] [pool-2-thread-3] ERROR AllureLifecycle - Could not update test case: test case with uuid 1c6f06f9-8300-437b-bd16-c76609c8dff3 not found
[2022-04-22 15:31:33:573] [pool-2-thread-3] ERROR AllureLifecycle - Could not stop test case: test case with uuid 1c6f06f9-8300-437b-bd16-c76609c8dff3 not found
[2022-04-22 15:31:33:574] [pool-2-thread-3] ERROR AllureLifecycle - Could not write test case: test case with uuid 1c6f06f9-8300-437b-bd16-c76609c8dff3 not found
&amp#27;[32m15:31:26.329 [pool-2-thread-4] INFO  Browser.initBrowser - Open local {chrome} models.browser
&amp#27;[m&amp#27;[1;31m15:31:31.669 [pool-2-thread-4] ERROR TestWatcherItems.failed - TEST HAS BEEN FAILED: shouldLoginWithMultipleCredentialsAsParameterized(When buyer trying to login with blank email and password,,,false,Lütfen geçerli bir e-posta adresi giriniz.) [4](ui.LoginTest)
&amp#27;[m]]></system-out>
    <system-err><![CDATA[Starting ChromeDriver 99.0.4844.51 (d537ec02474b5afe23684e7963d538896c63ac77-refs/branch-heads/4844@{#875}) on port 37533
Only local connections are allowed.
Please see https://chromedriver.chromium.org/security-considerations for suggestions on keeping ChromeDriver safe.
ChromeDriver was started successfully.
[1650630689.605][WARNING]: This version of ChromeDriver has not been tested with Chrome version 100.
Apr 22, 2022 3:31:29 PM org.openqa.selenium.remote.ProtocolHandshake createSession
INFO: Detected dialect: W3C
]]></system-err>
  </testcase>
  <testcase name="shouldLoginWithMultipleCredentialsAsParameterized(When buyer trying to login with blank email and password,,,false,Lütfen geçerli bir e-posta adresi giriniz.) [4]" classname="ui.LoginTest" time="7.452">
    <error message="javascript error: Cannot read properties of null (reading &apos;style&apos;)&#10;  (Session info: chrome=100.0.4896.127)&#10;Build info: version: &apos;3.14.0&apos;, revision: &apos;aacccce0&apos;, time: &apos;2018-08-02T20:19:58.91Z&apos;&#10;System info: host: &apos;Mac111019&apos;, ip: &apos;fe80:0:0:0:14c3:e670:a94d:3e40%en0&apos;, os.name: &apos;Mac OS X&apos;, os.arch: &apos;x86_64&apos;, os.version: &apos;10.15.7&apos;, java.version: &apos;18&apos;&#10;Driver info: org.openqa.selenium.chrome.ChromeDriver&#10;Capabilities {acceptInsecureCerts: true, browserName: chrome, browserVersion: 100.0.4896.127, chrome: {chromedriverVersion: 99.0.4844.51 (d537ec02474b5..., userDataDir: /var/folders/5_/wyxvz7wj3z5...}, goog:chromeOptions: {debuggerAddress: localhost:65032}, javascriptEnabled: true, networkConnectionEnabled: false, pageLoadStrategy: normal, platform: MAC, platformName: MAC, proxy: Proxy(), setWindowRect: true, strictFileInteractability: false, timeouts: {implicit: 0, pageLoad: 300000, script: 30000}, unhandledPromptBehavior: dismiss and notify, webauthn:extension:credBlob: true, webauthn:extension:largeBlob: true, webauthn:virtualAuthenticators: true}&#10;Session ID: e72eef65153a218e78e599f67d5a99ce" type="org.openqa.selenium.JavascriptException"><![CDATA[org.openqa.selenium.JavascriptException: 
javascript error: Cannot read properties of null (reading 'style')
  (Session info: chrome=100.0.4896.127)
Build info: version: '3.14.0', revision: 'aacccce0', time: '2018-08-02T20:19:58.91Z'
System info: host: 'Mac111019', ip: 'fe80:0:0:0:14c3:e670:a94d:3e40%en0', os.name: 'Mac OS X', os.arch: 'x86_64', os.version: '10.15.7', java.version: '18'
Driver info: org.openqa.selenium.chrome.ChromeDriver
Capabilities {acceptInsecureCerts: true, browserName: chrome, browserVersion: 100.0.4896.127, chrome: {chromedriverVersion: 99.0.4844.51 (d537ec02474b5..., userDataDir: /var/folders/5_/wyxvz7wj3z5...}, goog:chromeOptions: {debuggerAddress: localhost:65032}, javascriptEnabled: true, networkConnectionEnabled: false, pageLoadStrategy: normal, platform: MAC, platformName: MAC, proxy: Proxy(), setWindowRect: true, strictFileInteractability: false, timeouts: {implicit: 0, pageLoad: 300000, script: 30000}, unhandledPromptBehavior: dismiss and notify, webauthn:extension:credBlob: true, webauthn:extension:largeBlob: true, webauthn:virtualAuthenticators: true}
Session ID: e72eef65153a218e78e599f67d5a99ce
	at ui.LoginTest.shouldLoginWithMultipleCredentialsAsParameterized(LoginTest.java:24)
]]></error>
    <system-out><![CDATA[&amp#27;[32m15:31:26.196 [pool-2-thread-6] INFO  TestWatcherItems.starting - TEST STARTED: shouldLoginWithMultipleCredentialsAsParameterized(When buyer trying to login with blank email and password,,,false,Lütfen geçerli bir e-posta adresi giriniz.) [4](ui.LoginTest)
&amp#27;[m&amp#27;[32m15:31:26.196 [pool-2-thread-4] INFO  TestWatcherItems.starting - TEST STARTED: shouldLoginWithMultipleCredentialsAsParameterized(When buyer trying to login with blank email and password,,,false,Lütfen geçerli bir e-posta adresi giriniz.) [4](ui.LoginTest)
&amp#27;[m&amp#27;[1;31m15:31:31.438 [pool-2-thread-6] ERROR TestWatcherItems.failed - TEST HAS BEEN FAILED: shouldLoginWithMultipleCredentialsAsParameterized(When buyer trying to login with blank email and password,,,false,Lütfen geçerli bir e-posta adresi giriniz.) [4](ui.LoginTest)
&amp#27;[m&amp#27;[1;31m15:31:31.438 [pool-2-thread-3] ERROR TestWatcherItems.failed - TEST HAS BEEN FAILED: shouldLoginWithMultipleCredentialsAsParameterized(When buyer trying to login with blank email and password,,,false,Lütfen geçerli bir e-posta adresi giriniz.) [4](ui.LoginTest)
&amp#27;[m&amp#27;[1;31m15:31:33.445 [pool-2-thread-6] ERROR TestStopper$1.evaluate - 
Failed test: shouldLoginWithMultipleCredentialsAsParameterized(When buyer trying to login with blank email and password,,,false,Lütfen geçerli bir e-posta adresi giriniz.) [4]
	visitor email: 
	visitor's user name: null
&amp#27;[m]]></system-out>
    <system-err><![CDATA[Starting ChromeDriver 99.0.4844.51 (d537ec02474b5afe23684e7963d538896c63ac77-refs/branch-heads/4844@{#875}) on port 46528
Only local connections are allowed.
Please see https://chromedriver.chromium.org/security-considerations for suggestions on keeping ChromeDriver safe.
ChromeDriver was started successfully.
[1650630689.372][WARNING]: This version of ChromeDriver has not been tested with Chrome version 100.
Apr 22, 2022 3:31:29 PM org.openqa.selenium.remote.ProtocolHandshake createSession
INFO: Detected dialect: W3C
]]></system-err>
  </testcase>
  <testcase name="shouldLoginWithMultipleCredentialsAsParameterized(When buyer trying to login with wrong password,suleyman.aktas@n11.com,wrongPassw0rd,false,E-posta adresiniz ve/veya şifreniz hatalı.) [1]" classname="ui.LoginTest" time="8.373">
    <error message="javascript error: Cannot read properties of null (reading &apos;style&apos;)&#10;  (Session info: chrome=100.0.4896.127)&#10;Build info: version: &apos;3.14.0&apos;, revision: &apos;aacccce0&apos;, time: &apos;2018-08-02T20:19:58.91Z&apos;&#10;System info: host: &apos;Mac111019&apos;, ip: &apos;fe80:0:0:0:14c3:e670:a94d:3e40%en0&apos;, os.name: &apos;Mac OS X&apos;, os.arch: &apos;x86_64&apos;, os.version: &apos;10.15.7&apos;, java.version: &apos;18&apos;&#10;Driver info: org.openqa.selenium.chrome.ChromeDriver&#10;Capabilities {acceptInsecureCerts: true, browserName: chrome, browserVersion: 100.0.4896.127, chrome: {chromedriverVersion: 99.0.4844.51 (d537ec02474b5..., userDataDir: /var/folders/5_/wyxvz7wj3z5...}, goog:chromeOptions: {debuggerAddress: localhost:65041}, javascriptEnabled: true, networkConnectionEnabled: false, pageLoadStrategy: normal, platform: MAC, platformName: MAC, proxy: Proxy(), setWindowRect: true, strictFileInteractability: false, timeouts: {implicit: 0, pageLoad: 300000, script: 30000}, unhandledPromptBehavior: dismiss and notify, webauthn:extension:credBlob: true, webauthn:extension:largeBlob: true, webauthn:virtualAuthenticators: true}&#10;Session ID: ea5a2abbded2ffc1b44a18bec382189e" type="org.openqa.selenium.JavascriptException"><![CDATA[org.openqa.selenium.JavascriptException: 
javascript error: Cannot read properties of null (reading 'style')
  (Session info: chrome=100.0.4896.127)
Build info: version: '3.14.0', revision: 'aacccce0', time: '2018-08-02T20:19:58.91Z'
System info: host: 'Mac111019', ip: 'fe80:0:0:0:14c3:e670:a94d:3e40%en0', os.name: 'Mac OS X', os.arch: 'x86_64', os.version: '10.15.7', java.version: '18'
Driver info: org.openqa.selenium.chrome.ChromeDriver
Capabilities {acceptInsecureCerts: true, browserName: chrome, browserVersion: 100.0.4896.127, chrome: {chromedriverVersion: 99.0.4844.51 (d537ec02474b5..., userDataDir: /var/folders/5_/wyxvz7wj3z5...}, goog:chromeOptions: {debuggerAddress: localhost:65041}, javascriptEnabled: true, networkConnectionEnabled: false, pageLoadStrategy: normal, platform: MAC, platformName: MAC, proxy: Proxy(), setWindowRect: true, strictFileInteractability: false, timeouts: {implicit: 0, pageLoad: 300000, script: 30000}, unhandledPromptBehavior: dismiss and notify, webauthn:extension:credBlob: true, webauthn:extension:largeBlob: true, webauthn:virtualAuthenticators: true}
Session ID: ea5a2abbded2ffc1b44a18bec382189e
	at ui.LoginTest.shouldLoginWithMultipleCredentialsAsParameterized(LoginTest.java:24)
]]></error>
    <system-out><![CDATA[&amp#27;[32m15:31:26.329 [pool-2-thread-5] INFO  Browser.initBrowser - Open local {chrome} models.browser
&amp#27;[m&amp#27;[1;31m15:31:32.590 [pool-2-thread-5] ERROR TestWatcherItems.failed - TEST HAS BEEN FAILED: shouldLoginWithMultipleCredentialsAsParameterized(When buyer trying to login with blank email and password,,,false,Lütfen geçerli bir e-posta adresi giriniz.) [4](ui.LoginTest)
&amp#27;[m&amp#27;[1;31m15:31:34.385 [pool-2-thread-5] ERROR TestStopper$1.evaluate - 
Failed test: shouldLoginWithMultipleCredentialsAsParameterized(When buyer trying to login with blank email and password,,,false,Lütfen geçerli bir e-posta adresi giriniz.) [4]
	visitor email: suleyman.aktas@n11.com
	visitor's user name: null
&amp#27;[m]]></system-out>
    <system-err><![CDATA[Starting ChromeDriver 99.0.4844.51 (d537ec02474b5afe23684e7963d538896c63ac77-refs/branch-heads/4844@{#875}) on port 8416
Only local connections are allowed.
Please see https://chromedriver.chromium.org/security-considerations for suggestions on keeping ChromeDriver safe.
ChromeDriver was started successfully.
[1650630691.393][WARNING]: This version of ChromeDriver has not been tested with Chrome version 100.
Apr 22, 2022 3:31:31 PM org.openqa.selenium.remote.ProtocolHandshake createSession
INFO: Detected dialect: W3C
]]></system-err>
  </testcase>
  <testcase name="shouldLoginWithMultipleCredentialsAsParameterized(When buyer trying to login with blank email,,Passw0rd,false,Lütfen geçerli bir e-posta adresi giriniz.) [3]" classname="ui.LoginTest" time="8.37">
    <error message="javascript error: Cannot read properties of null (reading &apos;style&apos;)&#10;  (Session info: chrome=100.0.4896.127)&#10;Build info: version: &apos;3.14.0&apos;, revision: &apos;aacccce0&apos;, time: &apos;2018-08-02T20:19:58.91Z&apos;&#10;System info: host: &apos;Mac111019&apos;, ip: &apos;fe80:0:0:0:14c3:e670:a94d:3e40%en0&apos;, os.name: &apos;Mac OS X&apos;, os.arch: &apos;x86_64&apos;, os.version: &apos;10.15.7&apos;, java.version: &apos;18&apos;&#10;Driver info: org.openqa.selenium.chrome.ChromeDriver&#10;Capabilities {acceptInsecureCerts: true, browserName: chrome, browserVersion: 100.0.4896.127, chrome: {chromedriverVersion: 99.0.4844.51 (d537ec02474b5..., userDataDir: /var/folders/5_/wyxvz7wj3z5...}, goog:chromeOptions: {debuggerAddress: localhost:65044}, javascriptEnabled: true, networkConnectionEnabled: false, pageLoadStrategy: normal, platform: MAC, platformName: MAC, proxy: Proxy(), setWindowRect: true, strictFileInteractability: false, timeouts: {implicit: 0, pageLoad: 300000, script: 30000}, unhandledPromptBehavior: dismiss and notify, webauthn:extension:credBlob: true, webauthn:extension:largeBlob: true, webauthn:virtualAuthenticators: true}&#10;Session ID: 6888f8e3c87a416e6dfda01f75f202e7" type="org.openqa.selenium.JavascriptException"><![CDATA[org.openqa.selenium.JavascriptException: 
javascript error: Cannot read properties of null (reading 'style')
  (Session info: chrome=100.0.4896.127)
Build info: version: '3.14.0', revision: 'aacccce0', time: '2018-08-02T20:19:58.91Z'
System info: host: 'Mac111019', ip: 'fe80:0:0:0:14c3:e670:a94d:3e40%en0', os.name: 'Mac OS X', os.arch: 'x86_64', os.version: '10.15.7', java.version: '18'
Driver info: org.openqa.selenium.chrome.ChromeDriver
Capabilities {acceptInsecureCerts: true, browserName: chrome, browserVersion: 100.0.4896.127, chrome: {chromedriverVersion: 99.0.4844.51 (d537ec02474b5..., userDataDir: /var/folders/5_/wyxvz7wj3z5...}, goog:chromeOptions: {debuggerAddress: localhost:65044}, javascriptEnabled: true, networkConnectionEnabled: false, pageLoadStrategy: normal, platform: MAC, platformName: MAC, proxy: Proxy(), setWindowRect: true, strictFileInteractability: false, timeouts: {implicit: 0, pageLoad: 300000, script: 30000}, unhandledPromptBehavior: dismiss and notify, webauthn:extension:credBlob: true, webauthn:extension:largeBlob: true, webauthn:virtualAuthenticators: true}
Session ID: 6888f8e3c87a416e6dfda01f75f202e7
	at ui.LoginTest.shouldLoginWithMultipleCredentialsAsParameterized(LoginTest.java:24)
]]></error>
    <system-out><![CDATA[&amp#27;[32m15:31:26.196 [pool-2-thread-2] INFO  TestWatcherItems.starting - TEST STARTED: shouldLoginWithMultipleCredentialsAsParameterized(When buyer trying to login with blank email and password,,,false,Lütfen geçerli bir e-posta adresi giriniz.) [4](ui.LoginTest)
&amp#27;[m&amp#27;[32m15:31:26.196 [pool-2-thread-5] INFO  TestWatcherItems.starting - TEST STARTED: shouldLoginWithMultipleCredentialsAsParameterized(When buyer trying to login with blank email and password,,,false,Lütfen geçerli bir e-posta adresi giriniz.) [4](ui.LoginTest)
&amp#27;[m&amp#27;[32m15:31:26.329 [pool-2-thread-2] INFO  Browser.initBrowser - Open local {chrome} models.browser
&amp#27;[m&amp#27;[1;31m15:31:32.442 [pool-2-thread-2] ERROR TestWatcherItems.failed - TEST HAS BEEN FAILED: shouldLoginWithMultipleCredentialsAsParameterized(When buyer trying to login with blank email and password,,,false,Lütfen geçerli bir e-posta adresi giriniz.) [4](ui.LoginTest)
&amp#27;[m&amp#27;[1;31m15:31:34.384 [pool-2-thread-2] ERROR TestStopper$1.evaluate - 
Failed test: shouldLoginWithMultipleCredentialsAsParameterized(When buyer trying to login with blank email and password,,,false,Lütfen geçerli bir e-posta adresi giriniz.) [4]
	visitor email: 
	visitor's user name: null
&amp#27;[m]]></system-out>
    <system-err><![CDATA[Starting ChromeDriver 99.0.4844.51 (d537ec02474b5afe23684e7963d538896c63ac77-refs/branch-heads/4844@{#875}) on port 19969
Only local connections are allowed.
Please see https://chromedriver.chromium.org/security-considerations for suggestions on keeping ChromeDriver safe.
ChromeDriver was started successfully.
[1650630689.852][WARNING]: This version of ChromeDriver has not been tested with Chrome version 100.
Apr 22, 2022 3:31:29 PM org.openqa.selenium.remote.ProtocolHandshake createSession
INFO: Detected dialect: W3C
]]></system-err>
  </testcase>
</testsuite>